<?xml version="1.0" encoding="UTF-8"?>
<!-- Generated by org.testng.reporters.JUnitXMLReporter -->
<testsuite ignored="0" hostname="HJNZL001397" failures="0" tests="3" name="Submit Order Test" time="66.341" errors="0" timestamp="2024-03-20T16:29:11 IST">
  <testcase classname="rahulshettyacademy.tests.SubmitOrderTest" name="submitOrder" time="6.149"/>
  <testcase classname="rahulshettyacademy.tests.SubmitOrderTest" name="submitOrder" time="4.851"/>
  <testcase classname="rahulshettyacademy.tests.SubmitOrderTest" name="OrderHistoryTesst" time="0.965"/>
</testsuite> <!-- Submit Order Test -->
