<?xml version="1.0" encoding="UTF-8"?>
<!-- Generated by org.testng.reporters.JUnitXMLReporter -->
<testsuite ignored="0" hostname="HJNZL001397" failures="0" tests="2" name="Error Validation Test" time="34.76" errors="0" timestamp="2024-03-20T19:08:21 IST">
  <testcase classname="rahulshettyacademy.tests.ErrorValidationTest" name="loginErrorValidation" time="0.783"/>
  <testcase classname="rahulshettyacademy.tests.ErrorValidationTest" name="productErrorValidation" time="4.338"/>
</testsuite> <!-- Error Validation Test -->
